-------------------------------------------------------------------------------
Test set: com.mycompany.inclass.HappyLlamasTest
-------------------------------------------------------------------------------
Tests run: 2, Failures: 1, Errors: 0, Skipped: 0, Time elapsed: 0.049 s <<< FAILURE! - in com.mycompany.inclass.HappyLlamasTest
testNormalTrampoline24  Time elapsed: 0.011 s  <<< FAILURE!
org.opentest4j.AssertionFailedError: 24 Llamas w/ Normal Trampolines should be happy! ==> expected: <true> but was: <false>
	at com.mycompany.inclass.HappyLlamasTest.testNormalTrampoline24(HappyLlamasTest.java:54)

